0 info it worked if it ends with ok
1 verbose cli [ '/usr/local/Cellar/node4-lts/4.6.2/bin/node',
1 verbose cli   '/Users/436694/.npm-packages/bin/npm',
1 verbose cli   'run',
1 verbose cli   'start' ]
2 info using npm@4.0.2
3 info using node@v6.9.4
4 verbose stack Error: missing script: start
4 verbose stack     at run (/Users/436694/.npm-packages/lib/node_modules/npm/lib/run-script.js:151:19)
4 verbose stack     at /Users/436694/.npm-packages/lib/node_modules/npm/lib/run-script.js:61:5
4 verbose stack     at /Users/436694/.npm-packages/lib/node_modules/npm/node_modules/read-package-json/read-json.js:356:5
4 verbose stack     at checkBinReferences_ (/Users/436694/.npm-packages/lib/node_modules/npm/node_modules/read-package-json/read-json.js:320:45)
4 verbose stack     at final (/Users/436694/.npm-packages/lib/node_modules/npm/node_modules/read-package-json/read-json.js:354:3)
4 verbose stack     at then (/Users/436694/.npm-packages/lib/node_modules/npm/node_modules/read-package-json/read-json.js:124:5)
4 verbose stack     at /Users/436694/.npm-packages/lib/node_modules/npm/node_modules/read-package-json/read-json.js:311:12
4 verbose stack     at /Users/436694/.npm-packages/lib/node_modules/npm/node_modules/graceful-fs/graceful-fs.js:78:16
4 verbose stack     at tryToString (fs.js:455:3)
4 verbose stack     at FSReqWrap.readFileAfterClose [as oncomplete] (fs.js:442:12)
5 verbose cwd /Users/436694/Development/rtd/newWebServer
6 error Darwin 16.4.0
7 error argv "/usr/local/Cellar/node4-lts/4.6.2/bin/node" "/Users/436694/.npm-packages/bin/npm" "run" "start"
8 error node v6.9.4
9 error npm  v4.0.2
10 error missing script: start
11 error If you need help, you may report this error at:
11 error     <https://github.com/npm/npm/issues>
12 verbose exit [ 1, true ]
